ERROR - 2025-03-09 06:03:48 --> mysqli_sql_exception: Column 'phone' cannot be null in /Users/dineshkumar/sathya/24-7-0/system/Database/MySQLi/Connection.php:327
Stack trace:
#0 /Users/dineshkumar/sathya/24-7-0/system/Database/MySQLi/Connection.php(327): mysqli->query('INSERT INTO `ot...', 0)
#1 /Users/dineshkumar/sathya/24-7-0/system/Database/BaseConnection.php(738): CodeIgniter\Database\MySQLi\Connection->execute('INSERT INTO `ot...')
#2 /Users/dineshkumar/sathya/24-7-0/system/Database/BaseConnection.php(652): CodeIgniter\Database\BaseConnection->simpleQuery('INSERT INTO `ot...')
#3 /Users/dineshkumar/sathya/24-7-0/system/Database/BaseBuilder.php(2345): CodeIgniter\Database\BaseConnection->query('INSERT INTO `ot...', Array, false)
#4 /Users/dineshkumar/sathya/24-7-0/system/Model.php(394): CodeIgniter\Database\BaseBuilder->insert()
#5 /Users/dineshkumar/sathya/24-7-0/system/BaseModel.php(839): CodeIgniter\Model->doInsert(Array)
#6 /Users/dineshkumar/sathya/24-7-0/system/Model.php(800): CodeIgniter\BaseModel->insert(Array, true)
#7 /Users/dineshkumar/sathya/24-7-0/app/Controllers/AuthController.php(45): CodeIgniter\Model->insert(Array)
#8 /Users/dineshkumar/sathya/24-7-0/app/Controllers/AuthController.php(72): App\Controllers\AuthController->sendOtp(NULL)
#9 /Users/dineshkumar/sathya/24-7-0/system/CodeIgniter.php(933): App\Controllers\AuthController->login()
#10 /Users/dineshkumar/sathya/24-7-0/system/CodeIgniter.php(507): CodeIgniter\CodeIgniter->runController(Object(App\Controllers\AuthController))
#11 /Users/dineshkumar/sathya/24-7-0/system/CodeIgniter.php(354): CodeIgniter\CodeIgniter->handleRequest(NULL, Object(Config\Cache), false)
#12 /Users/dineshkumar/sathya/24-7-0/system/Boot.php(334): CodeIgniter\CodeIgniter->run()
#13 /Users/dineshkumar/sathya/24-7-0/system/Boot.php(67): CodeIgniter\Boot::runCodeIgniter(Object(CodeIgniter\CodeIgniter))
#14 /Users/dineshkumar/sathya/24-7-0/public/index.php(56): CodeIgniter\Boot::bootWeb(Object(Config\Paths))
#15 /Users/dineshkumar/sathya/24-7-0/system/rewrite.php(44): require_once('/Users/dineshku...')
#16 {main}
CRITICAL - 2025-03-09 06:03:48 --> CodeIgniter\Database\Exceptions\DatabaseException: Column 'phone' cannot be null
[Method: POST, Route: api/login]
in SYSTEMPATH/Database/BaseConnection.php on line 692.
 1 SYSTEMPATH/Database/BaseBuilder.php(2345): CodeIgniter\Database\BaseConnection->query('INSERT INTO `otps` (`phone`, `otp`) VALUES (:phone:, :otp:)', [...], false)
 2 SYSTEMPATH/Model.php(394): CodeIgniter\Database\BaseBuilder->insert()
 3 SYSTEMPATH/BaseModel.php(839): CodeIgniter\Model->doInsert([...])
 4 SYSTEMPATH/Model.php(800): CodeIgniter\BaseModel->insert([...], true)
 5 APPPATH/Controllers/AuthController.php(45): CodeIgniter\Model->insert([...])
 6 APPPATH/Controllers/AuthController.php(72): App\Controllers\AuthController->sendOtp(null)
 7 SYSTEMPATH/CodeIgniter.php(933): App\Controllers\AuthController->login()
 8 SYSTEMPATH/CodeIgniter.php(507): CodeIgniter\CodeIgniter->runController(Object(App\Controllers\AuthController))
 9 SYSTEMPATH/CodeIgniter.php(354): CodeIgniter\CodeIgniter->handleRequest(null, Object(Config\Cache), false)
10 SYSTEMPATH/Boot.php(334): CodeIgniter\CodeIgniter->run()
11 SYSTEMPATH/Boot.php(67): CodeIgniter\Boot::runCodeIgniter(Object(CodeIgniter\CodeIgniter))
12 FCPATH/index.php(56): CodeIgniter\Boot::bootWeb(Object(Config\Paths))
13 SYSTEMPATH/rewrite.php(44): require_once('/Users/dineshkumar/sathya/24-7-0/public/index.php')
CRITICAL - 2025-03-09 06:03:48 --> [Caused by] CodeIgniter\Database\Exceptions\DatabaseException: Column 'phone' cannot be null
in SYSTEMPATH/Database/MySQLi/Connection.php on line 332.
 1 SYSTEMPATH/Database/BaseConnection.php(738): CodeIgniter\Database\MySQLi\Connection->execute('INSERT INTO `otps` (`phone`, `otp`) VALUES (NULL, 1234)')
 2 SYSTEMPATH/Database/BaseConnection.php(652): CodeIgniter\Database\BaseConnection->simpleQuery('INSERT INTO `otps` (`phone`, `otp`) VALUES (NULL, 1234)')
 3 SYSTEMPATH/Database/BaseBuilder.php(2345): CodeIgniter\Database\BaseConnection->query('INSERT INTO `otps` (`phone`, `otp`) VALUES (:phone:, :otp:)', [...], false)
 4 SYSTEMPATH/Model.php(394): CodeIgniter\Database\BaseBuilder->insert()
 5 SYSTEMPATH/BaseModel.php(839): CodeIgniter\Model->doInsert([...])
 6 SYSTEMPATH/Model.php(800): CodeIgniter\BaseModel->insert([...], true)
 7 APPPATH/Controllers/AuthController.php(45): CodeIgniter\Model->insert([...])
 8 APPPATH/Controllers/AuthController.php(72): App\Controllers\AuthController->sendOtp(null)
 9 SYSTEMPATH/CodeIgniter.php(933): App\Controllers\AuthController->login()
10 SYSTEMPATH/CodeIgniter.php(507): CodeIgniter\CodeIgniter->runController(Object(App\Controllers\AuthController))
11 SYSTEMPATH/CodeIgniter.php(354): CodeIgniter\CodeIgniter->handleRequest(null, Object(Config\Cache), false)
12 SYSTEMPATH/Boot.php(334): CodeIgniter\CodeIgniter->run()
13 SYSTEMPATH/Boot.php(67): CodeIgniter\Boot::runCodeIgniter(Object(CodeIgniter\CodeIgniter))
14 FCPATH/index.php(56): CodeIgniter\Boot::bootWeb(Object(Config\Paths))
15 SYSTEMPATH/rewrite.php(44): require_once('/Users/dineshkumar/sathya/24-7-0/public/index.php')
CRITICAL - 2025-03-09 06:03:48 --> [Caused by] mysqli_sql_exception: Column 'phone' cannot be null
in SYSTEMPATH/Database/MySQLi/Connection.php on line 327.
 1 SYSTEMPATH/Database/MySQLi/Connection.php(327): mysqli->query('INSERT INTO `otps` (`phone`, `otp`) VALUES (NULL, 1234)', 0)
 2 SYSTEMPATH/Database/BaseConnection.php(738): CodeIgniter\Database\MySQLi\Connection->execute('INSERT INTO `otps` (`phone`, `otp`) VALUES (NULL, 1234)')
 3 SYSTEMPATH/Database/BaseConnection.php(652): CodeIgniter\Database\BaseConnection->simpleQuery('INSERT INTO `otps` (`phone`, `otp`) VALUES (NULL, 1234)')
 4 SYSTEMPATH/Database/BaseBuilder.php(2345): CodeIgniter\Database\BaseConnection->query('INSERT INTO `otps` (`phone`, `otp`) VALUES (:phone:, :otp:)', [...], false)
 5 SYSTEMPATH/Model.php(394): CodeIgniter\Database\BaseBuilder->insert()
 6 SYSTEMPATH/BaseModel.php(839): CodeIgniter\Model->doInsert([...])
 7 SYSTEMPATH/Model.php(800): CodeIgniter\BaseModel->insert([...], true)
 8 APPPATH/Controllers/AuthController.php(45): CodeIgniter\Model->insert([...])
 9 APPPATH/Controllers/AuthController.php(72): App\Controllers\AuthController->sendOtp(null)
10 SYSTEMPATH/CodeIgniter.php(933): App\Controllers\AuthController->login()
11 SYSTEMPATH/CodeIgniter.php(507): CodeIgniter\CodeIgniter->runController(Object(App\Controllers\AuthController))
12 SYSTEMPATH/CodeIgniter.php(354): CodeIgniter\CodeIgniter->handleRequest(null, Object(Config\Cache), false)
13 SYSTEMPATH/Boot.php(334): CodeIgniter\CodeIgniter->run()
14 SYSTEMPATH/Boot.php(67): CodeIgniter\Boot::runCodeIgniter(Object(CodeIgniter\CodeIgniter))
15 FCPATH/index.php(56): CodeIgniter\Boot::bootWeb(Object(Config\Paths))
16 SYSTEMPATH/rewrite.php(44): require_once('/Users/dineshkumar/sathya/24-7-0/public/index.php')
